g++-16 -Iinclude -Ideps -I/opt/intel/oneapi/advisor/latest/sdk/include -O3 -std=c++17 -Wall -Wextra -pedantic -g -march=native -ffast-math -mavx2 -mfma -o build/bench-opt11 src/bench.cpp src/utils.cpp deps/lodepng.cpp src/bench_common.cpp src/opt11.cpp /opt/intel/oneapi/advisor/latest/sdk/lib64/libittnotify.a
  289 sub-apertures, 1024x512 px each
TSC frequency: 2.41924 GHz

 Timing results: 
variant : real_data_1
data source : real
focus : 6.700
runs : 10
image size : 1024x512
n subapertures : 289
time: 1.682 s (avg = 168.165ms med=169.730 min=148.986 max=185.660)
cycles/whole image: total: 4068316243, avg: 406831624 (med=410617000 min=360432629 max=449156604)
cycles/pixel : avg: 775.970
throughput : 3.118 Mpixels/s
mem bandwidth : 2.703 GB/s (est)
avg_instructions : 360615163.400 (IPC: 0.886)
cache L1D: loads=132219366.300 misses=4732607.300 (miss rate: 3.579%)
cache L1D (stores): stores=16208643.200
L1I: load misses=2376.000
cache LLC: loads=477867.600 misses=186123.700 (miss rate: 38.949%)
cache LLC (stores): stores=6226.000 misses=6211.500 (miss rate: 99.767%)
DTLB: loads=73960587.100 misses=59364.100 (miss rate: 0.080%), stores=16265625.500 misses=3535.900 (miss rate: 0.022%)
ITLB: load misses=424.800
page faults: major=0.000 minor=1378.000
branches : instr=27032507.500 misses=247766.800 (miss rate: 0.917%)
  289 sub-apertures, 16x16 px each
TSC frequency: 2.41923 GHz

 Timing results: 
variant : gen_16x16_1
data source : generated 16*16
focus : 6.700
runs : 10
image size : 16x16
n subapertures : 289
time: 0.001 s (avg = 0.103ms med=0.095 min=0.087 max=0.148)
cycles/whole image: total: 2501306, avg: 250130 (med=229166 min=211605 max=359234)
cycles/pixel : avg: 977.070
throughput : 2.476 Mpixels/s
mem bandwidth : 2.147 GB/s (est)
avg_instructions : 540.000 (IPC: 0.002)
cache L1D: loads=85.900 misses=634.000 (miss rate: 738.068%)
cache L1D (stores): stores=38638.600
L1I: load misses=129.100
cache LLC: loads=26.000 misses=45.800 (miss rate: 176.154%)
cache LLC (stores): stores=272.400 misses=214.100 (miss rate: 78.598%)
DTLB: loads=151297.100 misses=0.000 (miss rate: 0.000%), stores=15441.200 misses=0.000 (miss rate: 0.000%)
ITLB: load misses=0.000
page faults: major=0.000 minor=0.300
branches : instr=108.000 misses=11.700 (miss rate: 10.833%)
  289 sub-apertures, 32x32 px each
TSC frequency: 2.41926 GHz

 Timing results: 
variant : gen_32x32_1
data source : generated 32*32
focus : 6.700
runs : 10
image size : 32x32
n subapertures : 289
time: 0.004 s (avg = 0.361ms med=0.343 min=0.319 max=0.510)
cycles/whole image: total: 8741396, avg: 874139 (med=829856 min=770975 max=1234466)
cycles/pixel : avg: 853.651
throughput : 2.834 Mpixels/s
mem bandwidth : 2.457 GB/s (est)
avg_instructions : 632956.200 (IPC: 0.724)
cache L1D: loads=181303.000 misses=4039.500 (miss rate: 2.228%)
cache L1D (stores): stores=64168.800
L1I: load misses=144.000
cache LLC: loads=268.800 misses=287.900 (miss rate: 107.106%)
cache LLC (stores): stores=176.800 misses=165.100 (miss rate: 93.382%)
DTLB: loads=362462.000 misses=2.400 (miss rate: 0.001%), stores=85481.600 misses=0.100 (miss rate: 0.000%)
ITLB: load misses=1.100
page faults: major=0.000 minor=0.000
branches : instr=41002.600 misses=118.000 (miss rate: 0.288%)
  289 sub-apertures, 64x64 px each
TSC frequency: 2.41924 GHz

 Timing results: 
variant : gen_64x64_1
data source : generated 64*64
focus : 6.700
runs : 10
image size : 64x64
n subapertures : 289
time: 0.012 s (avg = 1.176ms med=1.150 min=1.058 max=1.405)
cycles/whole image: total: 28451436, avg: 2845143 (med=2782594 min=2559533 max=3399917)
cycles/pixel : avg: 694.615
throughput : 3.483 Mpixels/s
mem bandwidth : 3.020 GB/s (est)
avg_instructions : 3196421.500 (IPC: 1.123)
cache L1D: loads=886927.300 misses=29161.500 (miss rate: 3.288%)
cache L1D (stores): stores=197954.100
L1I: load misses=103.000
cache LLC: loads=502.500 misses=255.500 (miss rate: 50.846%)
cache LLC (stores): stores=244.000 misses=305.700 (miss rate: 125.287%)
DTLB: loads=886860.100 misses=44.900 (miss rate: 0.005%), stores=200654.500 misses=0.600 (miss rate: 0.000%)
ITLB: load misses=3.900
page faults: major=0.000 minor=0.000
branches : instr=192617.800 misses=5822.200 (miss rate: 3.023%)
  289 sub-apertures, 128x128 px each
TSC frequency: 2.41928 GHz

 Timing results: 
variant : gen_128x128_1
data source : generated 128*128
focus : 6.700
runs : 10
image size : 128x128
n subapertures : 289
time: 0.038 s (avg = 3.788ms med=3.610 min=3.381 max=4.911)
cycles/whole image: total: 91650450, avg: 9165045 (med=8733014 min=8178918 max=11881528)
cycles/pixel : avg: 559.390
throughput : 4.325 Mpixels/s
mem bandwidth : 3.750 GB/s (est)
avg_instructions : 10496081.200 (IPC: 1.145)
cache L1D: loads=3361576.300 misses=113678.600 (miss rate: 3.382%)
cache L1D (stores): stores=892603.200
L1I: load misses=377.900
cache LLC: loads=3341.900 misses=1379.300 (miss rate: 41.273%)
cache LLC (stores): stores=615.800 misses=352.000 (miss rate: 57.161%)
DTLB: loads=1929343.800 misses=124.000 (miss rate: 0.006%), stores=393166.000 misses=39.800 (miss rate: 0.010%)
ITLB: load misses=10.700
page faults: major=0.000 minor=22.000
branches : instr=713726.800 misses=11865.900 (miss rate: 1.663%)
  289 sub-apertures, 256x256 px each
TSC frequency: 2.41927 GHz

 Timing results: 
variant : gen_256x256_1
data source : generated 256*256
focus : 6.700
runs : 10
image size : 256x256
n subapertures : 289
time: 0.125 s (avg = 12.511ms med=12.580 min=11.822 max=13.524)
cycles/whole image: total: 302668670, avg: 30266867 (med=30434601 min=28601059 max=32719460)
cycles/pixel : avg: 461.836
throughput : 5.238 Mpixels/s
mem bandwidth : 4.542 GB/s (est)
avg_instructions : 35165287.100 (IPC: 1.162)
cache L1D: loads=14000566.600 misses=420817.500 (miss rate: 3.006%)
cache L1D (stores): stores=2264184.400
L1I: load misses=461.800
cache LLC: loads=13853.400 misses=2231.200 (miss rate: 16.106%)
cache LLC (stores): stores=1715.800 misses=1637.400 (miss rate: 95.431%)
DTLB: loads=12069143.200 misses=443.700 (miss rate: 0.004%), stores=1980789.500 misses=196.000 (miss rate: 0.010%)
ITLB: load misses=39.500
page faults: major=0.000 minor=109.400
branches : instr=2914937.400 misses=24524.200 (miss rate: 0.841%)
  289 sub-apertures, 512x512 px each
TSC frequency: 2.41927 GHz

 Timing results: 
variant : gen_512x512_1
data source : generated 512*512
focus : 6.700
runs : 10
image size : 512x512
n subapertures : 289
time: 0.588 s (avg = 58.849ms med=56.542 min=54.212 max=67.710)
cycles/whole image: total: 1423723728, avg: 142372372 (med=136790652 min=131153530 max=163808258)
cycles/pixel : avg: 543.107
throughput : 4.454 Mpixels/s
mem bandwidth : 3.862 GB/s (est)
avg_instructions : 190069170.600 (IPC: 1.335)
cache L1D: loads=64425903.000 misses=2204163.000 (miss rate: 3.421%)
cache L1D (stores): stores=7383166.900
L1I: load misses=1416.500
cache LLC: loads=89748.200 misses=32666.300 (miss rate: 36.398%)
cache LLC (stores): stores=8302.000 misses=4012.600 (miss rate: 48.333%)
DTLB: loads=42748297.300 misses=6931.200 (miss rate: 0.016%), stores=9040142.800 misses=59.900 (miss rate: 0.001%)
ITLB: load misses=11.000
page faults: major=0.000 minor=508.800
branches : instr=13573144.100 misses=120165.400 (miss rate: 0.885%)
  289 sub-apertures, 1024x1024 px each
TSC frequency: 2.41928 GHz

 Timing results: 
variant : gen_1024x1024_1
data source : generated 1024*1024
focus : 6.700
runs : 10
image size : 1024x1024
n subapertures : 289
time: 2.941 s (avg = 294.102ms med=289.981 min=281.288 max=328.451)
cycles/whole image: total: 7115169368, avg: 711516936 (med=701545753 min=680514424 max=794616807)
cycles/pixel : avg: 678.555
throughput : 3.565 Mpixels/s
mem bandwidth : 3.091 GB/s (est)
avg_instructions : 700246583.100 (IPC: 0.984)
cache L1D: loads=259383683.900 misses=9481855.500 (miss rate: 3.656%)
cache L1D (stores): stores=32222527.700
L1I: load misses=4640.100
cache LLC: loads=742310.800 misses=260369.600 (miss rate: 35.076%)
cache LLC (stores): stores=48988.000 misses=45378.300 (miss rate: 92.631%)
DTLB: loads=154844851.900 misses=49193.600 (miss rate: 0.032%), stores=32249027.000 misses=492.600 (miss rate: 0.002%)
ITLB: load misses=155.300
page faults: major=0.000 minor=1081.400
branches : instr=52776275.900 misses=463896.300 (miss rate: 0.879%)
  289 sub-apertures, 2048x2048 px each
TSC frequency: 2.41927 GHz

 Timing results: 
variant : gen_2048x2048_1
data source : generated 2048*2048
focus : 6.700
runs : 10
image size : 2048x2048
n subapertures : 289
time: 10.809 s (avg = 1080.883ms med=1082.152 min=1072.626 max=1090.052)
cycles/whole image: total: 26149455550, avg: 2614945555 (med=2618014942 min=2594968512 max=2637128252)
cycles/pixel : avg: 623.452
throughput : 3.880 Mpixels/s
mem bandwidth : 3.364 GB/s (est)
avg_instructions : 2810530059.100 (IPC: 1.075)
cache L1D: loads=1048329561.600 misses=39189657.100 (miss rate: 3.738%)
cache L1D (stores): stores=128851564.700
L1I: load misses=9528.100
cache LLC: loads=3283094.300 misses=1523082.600 (miss rate: 46.392%)
cache LLC (stores): stores=29961.300 misses=29078.500 (miss rate: 97.054%)
DTLB: loads=601226082.200 misses=462699.500 (miss rate: 0.077%), stores=127715983.600 misses=17023.200 (miss rate: 0.013%)
ITLB: load misses=578.800
page faults: major=0.000 minor=2450.000
branches : instr=212460712.800 misses=1828343.600 (miss rate: 0.861%)
--- Building Bench Target in /home/team15/tomasz-worktree-dir/cpp_refocus ---

--- Running Real Dataset ---
Running: /home/team15/tomasz-worktree-dir/cpp_refocus/build/bench-opt11 /home/team15/tomasz-worktree-dir/in/validation 6.7 real_data_1 /home/team15/tomasz-worktree-dir/scripts/timing_results/timing_opt11_20260518_060333.csv

--- Running Generated Dataset ---
Running: /home/team15/tomasz-worktree-dir/cpp_refocus/build/bench-opt11 --generate 16 16 6.7 gen_16x16_1 /home/team15/tomasz-worktree-dir/scripts/timing_results/timing_opt11_20260518_060333.csv
Running: /home/team15/tomasz-worktree-dir/cpp_refocus/build/bench-opt11 --generate 32 32 6.7 gen_32x32_1 /home/team15/tomasz-worktree-dir/scripts/timing_results/timing_opt11_20260518_060333.csv
Running: /home/team15/tomasz-worktree-dir/cpp_refocus/build/bench-opt11 --generate 64 64 6.7 gen_64x64_1 /home/team15/tomasz-worktree-dir/scripts/timing_results/timing_opt11_20260518_060333.csv
Running: /home/team15/tomasz-worktree-dir/cpp_refocus/build/bench-opt11 --generate 128 128 6.7 gen_128x128_1 /home/team15/tomasz-worktree-dir/scripts/timing_results/timing_opt11_20260518_060333.csv
Running: /home/team15/tomasz-worktree-dir/cpp_refocus/build/bench-opt11 --generate 256 256 6.7 gen_256x256_1 /home/team15/tomasz-worktree-dir/scripts/timing_results/timing_opt11_20260518_060333.csv
Running: /home/team15/tomasz-worktree-dir/cpp_refocus/build/bench-opt11 --generate 512 512 6.7 gen_512x512_1 /home/team15/tomasz-worktree-dir/scripts/timing_results/timing_opt11_20260518_060333.csv
Running: /home/team15/tomasz-worktree-dir/cpp_refocus/build/bench-opt11 --generate 1024 1024 6.7 gen_1024x1024_1 /home/team15/tomasz-worktree-dir/scripts/timing_results/timing_opt11_20260518_060333.csv
Running: /home/team15/tomasz-worktree-dir/cpp_refocus/build/bench-opt11 --generate 2048 2048 6.7 gen_2048x2048_1 /home/team15/tomasz-worktree-dir/scripts/timing_results/timing_opt11_20260518_060333.csv

[SUCCESS] Benchmarks complete. Results saved to /home/team15/tomasz-worktree-dir/scripts/timing_results/timing_opt11_20260518_060333.csv
g++-16 -Iinclude -Ideps -I/opt/intel/oneapi/advisor/latest/sdk/include -O3 -std=c++17 -Wall -Wextra -pedantic -g -march=native -ffast-math -mavx2 -mfma -o build/bench-opt12 src/bench.cpp src/utils.cpp deps/lodepng.cpp src/bench_common.cpp src/opt12.cpp /opt/intel/oneapi/advisor/latest/sdk/lib64/libittnotify.a
  289 sub-apertures, 1024x512 px each
TSC frequency: 2.4194 GHz

 Timing results: 
variant : real_data_1
data source : real
focus : 6.700
runs : 10
image size : 1024x512
n subapertures : 289
time: 1.401 s (avg = 140.100ms med=139.855 min=138.188 max=142.929)
cycles/whole image: total: 3389593250, avg: 338959325 (med=338366188 min=334331394 max=345802204)
cycles/pixel : avg: 646.514
throughput : 3.742 Mpixels/s
mem bandwidth : 3.245 GB/s (est)
avg_instructions : 291231265.400 (IPC: 0.859)
cache L1D: loads=128437272.800 misses=4627770.400 (miss rate: 3.603%)
cache L1D (stores): stores=15479258.500
L1I: load misses=2147.300
cache LLC: loads=485390.600 misses=171800.300 (miss rate: 35.394%)
cache LLC (stores): stores=7023.000 misses=5289.200 (miss rate: 75.313%)
DTLB: loads=77580409.600 misses=60340.300 (miss rate: 0.078%), stores=15407112.800 misses=2547.600 (miss rate: 0.017%)
ITLB: load misses=236.600
page faults: major=0.000 minor=1378.000
branches : instr=14343749.400 misses=229141.900 (miss rate: 1.598%)
  289 sub-apertures, 16x16 px each
TSC frequency: 2.41924 GHz

 Timing results: 
variant : gen_16x16_1
data source : generated 16*16
focus : 6.700
runs : 10
image size : 16x16
n subapertures : 289
time: 0.001 s (avg = 0.085ms med=0.085 min=0.079 max=0.095)
cycles/whole image: total: 2060280, avg: 206028 (med=206634 min=191817 max=229670)
cycles/pixel : avg: 804.797
throughput : 3.006 Mpixels/s
mem bandwidth : 2.606 GB/s (est)
avg_instructions : 94414.800 (IPC: 0.458)
cache L1D: loads=27914.100 misses=1272.300 (miss rate: 4.558%)
cache L1D (stores): stores=23060.000
L1I: load misses=152.100
cache LLC: loads=30.500 misses=28.000 (miss rate: 91.803%)
cache LLC (stores): stores=194.800 misses=188.300 (miss rate: 96.663%)
DTLB: loads=111363.200 misses=0.100 (miss rate: 0.000%), stores=17255.400 misses=0.000 (miss rate: 0.000%)
ITLB: load misses=0.700
page faults: major=0.000 minor=0.300
branches : instr=6192.700 misses=21.900 (miss rate: 0.354%)
  289 sub-apertures, 32x32 px each
TSC frequency: 2.41924 GHz

 Timing results: 
variant : gen_32x32_1
data source : generated 32*32
focus : 6.700
runs : 10
image size : 32x32
n subapertures : 289
time: 0.003 s (avg = 0.298ms med=0.302 min=0.274 max=0.343)
cycles/whole image: total: 7219215, avg: 721921 (med=731267 min=663443 max=829184)
cycles/pixel : avg: 705.001
throughput : 3.432 Mpixels/s
mem bandwidth : 2.975 GB/s (est)
avg_instructions : 283410.000 (IPC: 0.393)
cache L1D: loads=85490.300 misses=3962.800 (miss rate: 4.635%)
cache L1D (stores): stores=68411.200
L1I: load misses=135.300
cache LLC: loads=247.600 misses=129.900 (miss rate: 52.464%)
cache LLC (stores): stores=231.200 misses=203.300 (miss rate: 87.933%)
DTLB: loads=341663.600 misses=0.000 (miss rate: 0.000%), stores=51268.800 misses=0.000 (miss rate: 0.000%)
ITLB: load misses=0.900
page faults: major=0.000 minor=0.000
branches : instr=15686.300 misses=47.500 (miss rate: 0.303%)
  289 sub-apertures, 64x64 px each
TSC frequency: 2.41925 GHz

 Timing results: 
variant : gen_64x64_1
data source : generated 64*64
focus : 6.700
runs : 10
image size : 64x64
n subapertures : 289
time: 0.009 s (avg = 0.919ms med=0.893 min=0.865 max=1.118)
cycles/whole image: total: 22237614, avg: 2223761 (med=2159339 min=2092543 max=2704373)
cycles/pixel : avg: 542.910
throughput : 4.456 Mpixels/s
mem bandwidth : 3.863 GB/s (est)
avg_instructions : 3727946.600 (IPC: 1.676)
cache L1D: loads=1139498.400 misses=28745.400 (miss rate: 2.523%)
cache L1D (stores): stores=114188.200
L1I: load misses=70.900
cache LLC: loads=481.500 misses=108.800 (miss rate: 22.596%)
cache LLC (stores): stores=232.200 misses=160.400 (miss rate: 69.078%)
DTLB: loads=854575.300 misses=17.400 (miss rate: 0.002%), stores=228230.000 misses=1.400 (miss rate: 0.001%)
ITLB: load misses=3.700
page faults: major=0.000 minor=0.000
branches : instr=173550.400 misses=539.200 (miss rate: 0.311%)
  289 sub-apertures, 128x128 px each
TSC frequency: 2.41926 GHz

 Timing results: 
variant : gen_128x128_1
data source : generated 128*128
focus : 6.700
runs : 10
image size : 128x128
n subapertures : 289
time: 0.031 s (avg = 3.148ms med=3.078 min=2.991 max=3.442)
cycles/whole image: total: 76158903, avg: 7615890 (med=7445482 min=7235712 max=8327334)
cycles/pixel : avg: 464.837
throughput : 5.205 Mpixels/s
mem bandwidth : 4.512 GB/s (est)
avg_instructions : 9323817.400 (IPC: 1.224)
cache L1D: loads=4246103.000 misses=139004.400 (miss rate: 3.274%)
cache L1D (stores): stores=588131.900
L1I: load misses=218.300
cache LLC: loads=3144.200 misses=1057.900 (miss rate: 33.646%)
cache LLC (stores): stores=414.200 misses=261.000 (miss rate: 63.013%)
DTLB: loads=2753480.000 misses=71.800 (miss rate: 0.003%), stores=452577.600 misses=54.800 (miss rate: 0.012%)
ITLB: load misses=9.600
page faults: major=0.000 minor=22.000
branches : instr=536419.900 misses=11472.400 (miss rate: 2.139%)
  289 sub-apertures, 256x256 px each
TSC frequency: 2.41926 GHz

 Timing results: 
variant : gen_256x256_1
data source : generated 256*256
focus : 6.700
runs : 10
image size : 256x256
n subapertures : 289
time: 0.115 s (avg = 11.458ms med=11.393 min=11.201 max=12.067)
cycles/whole image: total: 277195062, avg: 27719506 (med=27561409 min=27097995 max=29192930)
cycles/pixel : avg: 422.966
throughput : 5.720 Mpixels/s
mem bandwidth : 4.959 GB/s (est)
avg_instructions : 34937130.400 (IPC: 1.260)
cache L1D: loads=13849457.800 misses=462261.600 (miss rate: 3.338%)
cache L1D (stores): stores=2540700.500
L1I: load misses=377.400
cache LLC: loads=14677.400 misses=2175.900 (miss rate: 14.825%)
cache LLC (stores): stores=1254.400 misses=1091.100 (miss rate: 86.982%)
DTLB: loads=9269418.700 misses=306.500 (miss rate: 0.003%), stores=1624066.400 misses=190.300 (miss rate: 0.012%)
ITLB: load misses=24.500
page faults: major=0.000 minor=109.400
branches : instr=1641551.900 misses=24600.800 (miss rate: 1.499%)
  289 sub-apertures, 512x512 px each
TSC frequency: 2.41928 GHz

 Timing results: 
variant : gen_512x512_1
data source : generated 512*512
focus : 6.700
runs : 10
image size : 512x512
n subapertures : 289
time: 0.533 s (avg = 53.325ms med=53.006 min=51.837 max=55.416)
cycles/whole image: total: 1290094152, avg: 129009415 (med=128236669 min=125407832 max=134067579)
cycles/pixel : avg: 492.132
throughput : 4.916 Mpixels/s
mem bandwidth : 4.262 GB/s (est)
avg_instructions : 154376973.900 (IPC: 1.197)
cache L1D: loads=65621283.600 misses=2278945.800 (miss rate: 3.473%)
cache L1D (stores): stores=7994932.300
L1I: load misses=818.200
cache LLC: loads=96410.000 misses=33539.200 (miss rate: 34.788%)
cache LLC (stores): stores=6286.400 misses=5822.100 (miss rate: 92.614%)
DTLB: loads=37245474.300 misses=6088.500 (miss rate: 0.016%), stores=7625180.300 misses=899.700 (miss rate: 0.012%)
ITLB: load misses=102.500
page faults: major=0.000 minor=508.800
branches : instr=7540287.100 misses=116921.500 (miss rate: 1.551%)
  289 sub-apertures, 1024x1024 px each
TSC frequency: 2.41928 GHz

 Timing results: 
variant : gen_1024x1024_1
data source : generated 1024*1024
focus : 6.700
runs : 10
image size : 1024x1024
n subapertures : 289
time: 2.716 s (avg = 271.577ms med=271.378 min=269.069 max=276.469)
cycles/whole image: total: 6570227841, avg: 657022784 (med=656539323 min=650953290 max=668857088)
cycles/pixel : avg: 626.586
throughput : 3.861 Mpixels/s
mem bandwidth : 3.348 GB/s (est)
avg_instructions : 598554454.700 (IPC: 0.911)
cache L1D: loads=261959833.300 misses=9219779.000 (miss rate: 3.520%)
cache L1D (stores): stores=31058606.200
L1I: load misses=2923.800
cache LLC: loads=756229.900 misses=257893.700 (miss rate: 34.103%)
cache LLC (stores): stores=36612.900 misses=30631.000 (miss rate: 83.662%)
DTLB: loads=150776768.300 misses=46372.900 (miss rate: 0.031%), stores=31025165.800 misses=2444.200 (miss rate: 0.008%)
ITLB: load misses=270.500
page faults: major=0.000 minor=1081.400
branches : instr=29114033.100 misses=533389.500 (miss rate: 1.832%)
  289 sub-apertures, 2048x2048 px each
TSC frequency: 2.41927 GHz

 Timing results: 
variant : gen_2048x2048_1
data source : generated 2048*2048
focus : 6.700
runs : 10
image size : 2048x2048
n subapertures : 289
time: 10.273 s (avg = 1027.346ms med=1026.016 min=1020.295 max=1051.968)
cycles/whole image: total: 24854328410, avg: 2485432841 (med=2482215144 min=2468373750 max=2544998831)
cycles/pixel : avg: 592.573
throughput : 4.083 Mpixels/s
mem bandwidth : 3.540 GB/s (est)
avg_instructions : 2399315752.000 (IPC: 0.965)
cache L1D: loads=1040265566.300 misses=38221268.600 (miss rate: 3.674%)
cache L1D (stores): stores=123899063.900
L1I: load misses=9612.200
cache LLC: loads=3010375.800 misses=1372224.600 (miss rate: 45.583%)
cache LLC (stores): stores=52052.800 misses=40265.600 (miss rate: 77.355%)
DTLB: loads=609756353.500 misses=318745.000 (miss rate: 0.052%), stores=123676140.100 misses=19278.500 (miss rate: 0.016%)
ITLB: load misses=767.700
page faults: major=0.000 minor=8479.800
branches : instr=114430095.000 misses=1817795.700 (miss rate: 1.589%)
--- Building Bench Target in /home/team15/tomasz-worktree-dir/cpp_refocus ---

--- Running Real Dataset ---
Running: /home/team15/tomasz-worktree-dir/cpp_refocus/build/bench-opt12 /home/team15/tomasz-worktree-dir/in/validation 6.7 real_data_1 /home/team15/tomasz-worktree-dir/scripts/timing_results/timing_opt12_20260518_060415.csv

--- Running Generated Dataset ---
Running: /home/team15/tomasz-worktree-dir/cpp_refocus/build/bench-opt12 --generate 16 16 6.7 gen_16x16_1 /home/team15/tomasz-worktree-dir/scripts/timing_results/timing_opt12_20260518_060415.csv
Running: /home/team15/tomasz-worktree-dir/cpp_refocus/build/bench-opt12 --generate 32 32 6.7 gen_32x32_1 /home/team15/tomasz-worktree-dir/scripts/timing_results/timing_opt12_20260518_060415.csv
Running: /home/team15/tomasz-worktree-dir/cpp_refocus/build/bench-opt12 --generate 64 64 6.7 gen_64x64_1 /home/team15/tomasz-worktree-dir/scripts/timing_results/timing_opt12_20260518_060415.csv
Running: /home/team15/tomasz-worktree-dir/cpp_refocus/build/bench-opt12 --generate 128 128 6.7 gen_128x128_1 /home/team15/tomasz-worktree-dir/scripts/timing_results/timing_opt12_20260518_060415.csv
Running: /home/team15/tomasz-worktree-dir/cpp_refocus/build/bench-opt12 --generate 256 256 6.7 gen_256x256_1 /home/team15/tomasz-worktree-dir/scripts/timing_results/timing_opt12_20260518_060415.csv
Running: /home/team15/tomasz-worktree-dir/cpp_refocus/build/bench-opt12 --generate 512 512 6.7 gen_512x512_1 /home/team15/tomasz-worktree-dir/scripts/timing_results/timing_opt12_20260518_060415.csv
Running: /home/team15/tomasz-worktree-dir/cpp_refocus/build/bench-opt12 --generate 1024 1024 6.7 gen_1024x1024_1 /home/team15/tomasz-worktree-dir/scripts/timing_results/timing_opt12_20260518_060415.csv
Running: /home/team15/tomasz-worktree-dir/cpp_refocus/build/bench-opt12 --generate 2048 2048 6.7 gen_2048x2048_1 /home/team15/tomasz-worktree-dir/scripts/timing_results/timing_opt12_20260518_060415.csv

[SUCCESS] Benchmarks complete. Results saved to /home/team15/tomasz-worktree-dir/scripts/timing_results/timing_opt12_20260518_060415.csv
make: *** No rule to make target 'build/bench-opt99_basic_unpack32'.  Stop.
--- Building Bench Target in /home/team15/tomasz-worktree-dir/cpp_refocus ---
[ERROR] Compilation failed. Aborting benchmarks.
make: *** No rule to make target 'build/bench-opt99_basic_unrolled_unpack32'.  Stop.
--- Building Bench Target in /home/team15/tomasz-worktree-dir/cpp_refocus ---
[ERROR] Compilation failed. Aborting benchmarks.
make: *** No rule to make target 'build/bench-opt99_basic_upack32_reg_peel_for_loads'.  Stop.
--- Building Bench Target in /home/team15/tomasz-worktree-dir/cpp_refocus ---
[ERROR] Compilation failed. Aborting benchmarks.
g++-16 -Iinclude -Ideps -I/opt/intel/oneapi/advisor/latest/sdk/include -O3 -std=c++17 -Wall -Wextra -pedantic -g -march=native -ffast-math -mavx2 -mfma -o build/bench-opt99_basic_mulhi src/bench.cpp src/utils.cpp deps/lodepng.cpp src/bench_common.cpp src/opt99_basic_mulhi.cpp /opt/intel/oneapi/advisor/latest/sdk/lib64/libittnotify.a
  289 sub-apertures, 1024x512 px each
TSC frequency: 2.41924 GHz

 Timing results: 
variant : real_data_1
data source : real
focus : 6.700
runs : 10
image size : 1024x512
n subapertures : 289
time: 1.054 s (avg = 105.389ms med=105.197 min=104.359 max=107.990)
cycles/whole image: total: 2549617782, avg: 254961778 (med=254497464 min=252470250 max=261253433)
cycles/pixel : avg: 486.301
throughput : 4.975 Mpixels/s
mem bandwidth : 4.313 GB/s (est)
avg_instructions : 164051701.000 (IPC: 0.643)
cache L1D: loads=70597400.700 misses=4484362.800 (miss rate: 6.352%)
cache L1D (stores): stores=9089916.000
L1I: load misses=2451.800
cache LLC: loads=657764.200 misses=240702.700 (miss rate: 36.594%)
cache LLC (stores): stores=4284.100 misses=1957.800 (miss rate: 45.699%)
DTLB: loads=39950800.600 misses=56919.100 (miss rate: 0.142%), stores=8567943.500 misses=3796.500 (miss rate: 0.044%)
ITLB: load misses=434.900
page faults: major=0.000 minor=1378.000
branches : instr=8467784.200 misses=229647.200 (miss rate: 2.712%)
  289 sub-apertures, 16x16 px each
TSC frequency: 2.41925 GHz

 Timing results: 
variant : gen_16x16_1
data source : generated 16*16
focus : 6.700
runs : 10
image size : 16x16
n subapertures : 289
time: 0.001 s (avg = 0.114ms med=0.106 min=0.101 max=0.198)
cycles/whole image: total: 2769782, avg: 276978 (med=256446 min=244838 max=477819)
cycles/pixel : avg: 1081.945
throughput : 2.236 Mpixels/s
mem bandwidth : 1.939 GB/s (est)
avg_instructions : 120692.200 (IPC: 0.436)
cache L1D: loads=31462.200 misses=1286.100 (miss rate: 4.088%)
cache L1D (stores): stores=29259.200
L1I: load misses=130.000
cache LLC: loads=32.800 misses=35.200 (miss rate: 107.317%)
cache LLC (stores): stores=133.800 misses=116.800 (miss rate: 87.294%)
DTLB: loads=125556.400 misses=2.700 (miss rate: 0.002%), stores=21904.800 misses=0.100 (miss rate: 0.000%)
ITLB: load misses=0.600
page faults: major=0.000 minor=0.100
branches : instr=6451.700 misses=27.900 (miss rate: 0.432%)
  289 sub-apertures, 32x32 px each
TSC frequency: 2.41924 GHz

 Timing results: 
variant : gen_32x32_1
data source : generated 32*32
focus : 6.700
runs : 10
image size : 32x32
n subapertures : 289
time: 0.003 s (avg = 0.322ms med=0.318 min=0.311 max=0.341)
cycles/whole image: total: 7783685, avg: 778368 (med=770181 min=752389 max=825850)
cycles/pixel : avg: 760.125
throughput : 3.183 Mpixels/s
mem bandwidth : 2.759 GB/s (est)
avg_instructions : 303512.100 (IPC: 0.390)
cache L1D: loads=82442.000 misses=3878.200 (miss rate: 4.704%)
cache L1D (stores): stores=73672.400
L1I: load misses=104.600
cache LLC: loads=386.000 misses=235.000 (miss rate: 60.881%)
cache LLC (stores): stores=166.500 misses=158.000 (miss rate: 94.895%)
DTLB: loads=329470.400 misses=7.700 (miss rate: 0.002%), stores=55214.700 misses=0.600 (miss rate: 0.001%)
ITLB: load misses=0.600
page faults: major=0.000 minor=0.000
branches : instr=14524.700 misses=35.100 (miss rate: 0.242%)
  289 sub-apertures, 64x64 px each
TSC frequency: 2.41926 GHz

 Timing results: 
variant : gen_64x64_1
data source : generated 64*64
focus : 6.700
runs : 10
image size : 64x64
n subapertures : 289
time: 0.008 s (avg = 0.757ms med=0.768 min=0.725 max=0.782)
cycles/whole image: total: 18325290, avg: 1832529 (med=1859178 min=1753038 max=1890691)
cycles/pixel : avg: 447.395
throughput : 5.407 Mpixels/s
mem bandwidth : 4.688 GB/s (est)
avg_instructions : 1799172.900 (IPC: 0.982)
cache L1D: loads=673892.200 misses=28337.400 (miss rate: 4.205%)
cache L1D (stores): stores=146217.000
L1I: load misses=151.300
cache LLC: loads=557.800 misses=146.800 (miss rate: 26.318%)
cache LLC (stores): stores=281.900 misses=305.200 (miss rate: 108.265%)
DTLB: loads=844340.500 misses=6.600 (miss rate: 0.001%), stores=105047.500 misses=0.100 (miss rate: 0.000%)
ITLB: load misses=1.800
page faults: major=0.000 minor=0.000
branches : instr=79871.900 misses=110.700 (miss rate: 0.139%)
  289 sub-apertures, 128x128 px each
TSC frequency: 2.41925 GHz

 Timing results: 
variant : gen_128x128_1
data source : generated 128*128
focus : 6.700
runs : 10
image size : 128x128
n subapertures : 289
time: 0.024 s (avg = 2.438ms med=2.366 min=2.256 max=2.900)
cycles/whole image: total: 58974930, avg: 5897493 (med=5723924 min=5457390 max=7015481)
cycles/pixel : avg: 359.954
throughput : 6.721 Mpixels/s
mem bandwidth : 5.827 GB/s (est)
avg_instructions : 7075258.700 (IPC: 1.200)
cache L1D: loads=2740675.600 misses=111441.100 (miss rate: 4.066%)
cache L1D (stores): stores=330081.900
L1I: load misses=315.900
cache LLC: loads=3807.300 misses=1272.700 (miss rate: 33.428%)
cache LLC (stores): stores=560.000 misses=254.200 (miss rate: 45.393%)
DTLB: loads=2039620.900 misses=75.600 (miss rate: 0.004%), stores=353757.700 misses=52.800 (miss rate: 0.015%)
ITLB: load misses=14.000
page faults: major=0.000 minor=20.000
branches : instr=385820.300 misses=658.400 (miss rate: 0.171%)
  289 sub-apertures, 256x256 px each
TSC frequency: 2.41926 GHz

 Timing results: 
variant : gen_256x256_1
data source : generated 256*256
focus : 6.700
runs : 10
image size : 256x256
n subapertures : 289
time: 0.082 s (avg = 8.243ms med=8.247 min=8.074 max=8.636)
cycles/whole image: total: 199414421, avg: 19941442 (med=19951395 min=19532103 max=20892753)
cycles/pixel : avg: 304.282
throughput : 7.951 Mpixels/s
mem bandwidth : 6.893 GB/s (est)
avg_instructions : 26367404.800 (IPC: 1.322)
cache L1D: loads=9122286.600 misses=436379.000 (miss rate: 4.784%)
cache L1D (stores): stores=1296011.200
L1I: load misses=513.700
cache LLC: loads=18324.700 misses=3370.500 (miss rate: 18.393%)
cache LLC (stores): stores=1661.400 misses=1070.300 (miss rate: 64.422%)
DTLB: loads=5812719.200 misses=430.400 (miss rate: 0.007%), stores=1315608.100 misses=294.600 (miss rate: 0.022%)
ITLB: load misses=36.300
page faults: major=0.000 minor=106.700
branches : instr=1156932.300 misses=28284.300 (miss rate: 2.445%)
  289 sub-apertures, 512x512 px each
TSC frequency: 2.41945 GHz

 Timing results: 
variant : gen_512x512_1
data source : generated 512*512
focus : 6.700
runs : 10
image size : 512x512
n subapertures : 289
time: 0.423 s (avg = 42.282ms med=41.742 min=39.938 max=48.155)
cycles/whole image: total: 1022985009, avg: 102298500 (med=100991674 min=96629085 max=116508843)
cycles/pixel : avg: 390.238
throughput : 6.200 Mpixels/s
mem bandwidth : 5.375 GB/s (est)
avg_instructions : 86775488.400 (IPC: 0.848)
cache L1D: loads=36686697.000 misses=2163797.500 (miss rate: 5.898%)
cache L1D (stores): stores=4815931.400
L1I: load misses=1877.700
cache LLC: loads=190579.100 misses=95747.600 (miss rate: 50.240%)
cache LLC (stores): stores=2396.500 misses=3741.800 (miss rate: 156.136%)
DTLB: loads=19637317.600 misses=6334.800 (miss rate: 0.032%), stores=4506090.800 misses=890.100 (miss rate: 0.020%)
ITLB: load misses=60.400
page faults: major=0.000 minor=506.100
branches : instr=4557827.900 misses=116349.100 (miss rate: 2.553%)
  289 sub-apertures, 1024x1024 px each
TSC frequency: 2.41943 GHz

 Timing results: 
variant : gen_1024x1024_1
data source : generated 1024*1024
focus : 6.700
runs : 10
image size : 1024x1024
n subapertures : 289
time: 2.018 s (avg = 201.813ms med=201.146 min=200.409 max=206.640)
cycles/whole image: total: 4882726976, avg: 488272697 (med=486658624 min=484877088 max=499950320)
cycles/pixel : avg: 465.653
throughput : 5.196 Mpixels/s
mem bandwidth : 4.505 GB/s (est)
avg_instructions : 329022508.700 (IPC: 0.674)
cache L1D: loads=142305434.900 misses=8841828.000 (miss rate: 6.213%)
cache L1D (stores): stores=17729642.700
L1I: load misses=4448.600
cache LLC: loads=1138441.400 misses=394013.300 (miss rate: 34.610%)
cache LLC (stores): stores=27364.400 misses=21932.100 (miss rate: 80.148%)
DTLB: loads=81839261.400 misses=43666.600 (miss rate: 0.053%), stores=17341898.400 misses=2210.600 (miss rate: 0.013%)
ITLB: load misses=355.200
page faults: major=0.000 minor=1078.700
branches : instr=17107328.400 misses=447497.800 (miss rate: 2.616%)
  289 sub-apertures, 2048x2048 px each
TSC frequency: 2.41927 GHz

 Timing results: 
variant : gen_2048x2048_1
data source : generated 2048*2048
focus : 6.700
runs : 10
image size : 2048x2048
n subapertures : 289
time: 7.823 s (avg = 782.317ms med=779.923 min=774.559 max=791.020)
cycles/whole image: total: 18926400082, avg: 1892640008 (med=1886846877 min=1873871416 max=1913694118)
cycles/pixel : avg: 451.241
throughput : 5.361 Mpixels/s
mem bandwidth : 4.648 GB/s (est)
avg_instructions : 1294762395.800 (IPC: 0.684)
cache L1D: loads=561156711.900 misses=35698796.200 (miss rate: 6.362%)
cache L1D (stores): stores=69297403.400
L1I: load misses=12065.400
cache LLC: loads=4539091.100 misses=1972633.600 (miss rate: 43.459%)
cache LLC (stores): stores=40366.800 misses=30296.100 (miss rate: 75.052%)
DTLB: loads=321293562.100 misses=239600.600 (miss rate: 0.075%), stores=69525634.400 misses=58659.300 (miss rate: 0.084%)
ITLB: load misses=1416.000
page faults: major=0.000 minor=6944.100
branches : instr=66480491.400 misses=1762397.600 (miss rate: 2.651%)
--- Building Bench Target in /home/team15/tomasz-worktree-dir/cpp_refocus ---

--- Running Real Dataset ---
Running: /home/team15/tomasz-worktree-dir/cpp_refocus/build/bench-opt99_basic_mulhi /home/team15/tomasz-worktree-dir/in/validation 6.7 real_data_1 /home/team15/tomasz-worktree-dir/scripts/timing_results/timing_opt99_basic_mulhi_20260518_060454.csv

--- Running Generated Dataset ---
Running: /home/team15/tomasz-worktree-dir/cpp_refocus/build/bench-opt99_basic_mulhi --generate 16 16 6.7 gen_16x16_1 /home/team15/tomasz-worktree-dir/scripts/timing_results/timing_opt99_basic_mulhi_20260518_060454.csv
Running: /home/team15/tomasz-worktree-dir/cpp_refocus/build/bench-opt99_basic_mulhi --generate 32 32 6.7 gen_32x32_1 /home/team15/tomasz-worktree-dir/scripts/timing_results/timing_opt99_basic_mulhi_20260518_060454.csv
Running: /home/team15/tomasz-worktree-dir/cpp_refocus/build/bench-opt99_basic_mulhi --generate 64 64 6.7 gen_64x64_1 /home/team15/tomasz-worktree-dir/scripts/timing_results/timing_opt99_basic_mulhi_20260518_060454.csv
Running: /home/team15/tomasz-worktree-dir/cpp_refocus/build/bench-opt99_basic_mulhi --generate 128 128 6.7 gen_128x128_1 /home/team15/tomasz-worktree-dir/scripts/timing_results/timing_opt99_basic_mulhi_20260518_060454.csv
Running: /home/team15/tomasz-worktree-dir/cpp_refocus/build/bench-opt99_basic_mulhi --generate 256 256 6.7 gen_256x256_1 /home/team15/tomasz-worktree-dir/scripts/timing_results/timing_opt99_basic_mulhi_20260518_060454.csv
Running: /home/team15/tomasz-worktree-dir/cpp_refocus/build/bench-opt99_basic_mulhi --generate 512 512 6.7 gen_512x512_1 /home/team15/tomasz-worktree-dir/scripts/timing_results/timing_opt99_basic_mulhi_20260518_060454.csv
Running: /home/team15/tomasz-worktree-dir/cpp_refocus/build/bench-opt99_basic_mulhi --generate 1024 1024 6.7 gen_1024x1024_1 /home/team15/tomasz-worktree-dir/scripts/timing_results/timing_opt99_basic_mulhi_20260518_060454.csv
Running: /home/team15/tomasz-worktree-dir/cpp_refocus/build/bench-opt99_basic_mulhi --generate 2048 2048 6.7 gen_2048x2048_1 /home/team15/tomasz-worktree-dir/scripts/timing_results/timing_opt99_basic_mulhi_20260518_060454.csv

[SUCCESS] Benchmarks complete. Results saved to /home/team15/tomasz-worktree-dir/scripts/timing_results/timing_opt99_basic_mulhi_20260518_060454.csv
Traceback (most recent call last):
  File "/home/team15/tomasz-worktree-dir/./scripts/validate.py", line 10, in <module>
    from PIL import Image
ModuleNotFoundError: No module named 'PIL'
Traceback (most recent call last):
  File "/home/team15/tomasz-worktree-dir/./scripts/validate.py", line 10, in <module>
    from PIL import Image
ModuleNotFoundError: No module named 'PIL'
Traceback (most recent call last):
  File "/home/team15/tomasz-worktree-dir/./scripts/validate.py", line 10, in <module>
    from PIL import Image
ModuleNotFoundError: No module named 'PIL'
Traceback (most recent call last):
  File "/home/team15/tomasz-worktree-dir/./scripts/validate.py", line 10, in <module>
    from PIL import Image
ModuleNotFoundError: No module named 'PIL'
Traceback (most recent call last):
  File "/home/team15/tomasz-worktree-dir/./scripts/validate.py", line 10, in <module>
    from PIL import Image
ModuleNotFoundError: No module named 'PIL'
Traceback (most recent call last):
  File "/home/team15/tomasz-worktree-dir/./scripts/validate.py", line 10, in <module>
    from PIL import Image
ModuleNotFoundError: No module named 'PIL'
